2026-03-28 13:52:30,407  DEBUG       Moving: SQUIRREL GIRL_2026-03-22_16-04-04.mp4 → SQUIRREL_GIRL/
2026-03-28 13:52:30,408  DEBUG       Moving: SQUIRREL GIRL_2026-03-22_16-04-46.mp4 → SQUIRREL_GIRL/
2026-03-28 13:52:30,408  DEBUG       Moving: SQUIRREL GIRL_2026-03-26_22-36-18.mp4 → SQUIRREL_GIRL/
2026-03-28 13:52:30,409  DEBUG       Moving: THOR_2026-03-22_16-03-18.mp4 → THOR/
2026-03-28 13:52:30,409  DEBUG       Moving: THOR_2026-03-22_16-05-30.mp4 → THOR/
2026-03-28 13:52:30,410  DEBUG       Moving: THOR_2026-03-22_22-15-51.mp4 → THOR/
2026-03-28 13:52:30,411  DEBUG       Moving: THOR_2026-03-22_23-19-10.mp4 → THOR/
2026-03-28 13:52:30,411  DEBUG       Moving: THOR_2026-03-22_23-20-09.mp4 → THOR/
2026-03-28 13:52:30,412  DEBUG       Moving: THOR_2026-03-22_23-20-47.mp4 → THOR/
2026-03-28 13:52:30,413  DEBUG       Moving: THOR_2026-03-22_23-23-11.mp4 → THOR/
2026-03-28 13:52:30,413  DEBUG       Moving: THOR_2026-03-22_23-24-10.mp4 → THOR/
2026-03-28 13:52:30,414  DEBUG       Moving: THOR_2026-03-23_22-33-19.mp4 → THOR/
2026-03-28 13:52:30,414  DEBUG       Moving: THOR_2026-03-23_22-34-01.mp4 → THOR/
2026-03-28 13:52:30,415  DEBUG       Moving: THOR_2026-03-24_21-12-38.mp4 → THOR/
2026-03-28 13:52:30,415  DEBUG       Moving: THOR_2026-03-24_21-14-05.mp4 → THOR/
2026-03-28 13:52:30,416  DEBUG       Moving: THOR_2026-03-24_21-40-29.mp4 → THOR/
2026-03-28 13:52:30,417  DEBUG       Moving: THOR_2026-03-26_22-37-28.mp4 → THOR/
2026-03-28 13:52:30,417  DEBUG       Moving: THOR_2026-03-26_22-39-07.mp4 → THOR/
2026-03-28 13:52:30,418  DEBUG       Moving: THOR_2026-03-27_22-23-58.mp4 → THOR/
2026-03-28 13:52:30,418  DEBUG       Moving: THOR_2026-03-27_22-25-43.mp4 → THOR/
2026-03-28 13:52:30,419  DEBUG       Moving: THOR_2026-03-27_22-26-26.mp4 → THOR/
2026-03-28 13:52:30,419  INFO      Sorting clips... 21 file(s) moved.
2026-03-28 13:52:31,192  INFO      Scanning clips...
2026-03-28 13:52:31,773  DEBUG       DOCTOR_STRANGE: 3 clips, 1m 16s
2026-03-28 13:52:31,773  DEBUG       JEFF_THE_LAND_SHARK: 1 clips, 0m 16s
2026-03-28 13:52:31,773  DEBUG       SQUIRREL_GIRL: 14 clips, 6m 11s
2026-03-28 13:52:31,773  DEBUG       THOR: 36 clips, 18m 52s
2026-03-28 13:52:31,773  DEBUG     Menu item 1: DOCTOR_STRANGE — 3 clips, 1m 16s, est ~48s
2026-03-28 13:52:31,774  DEBUG     Menu item 2: JEFF_THE_LAND_SHARK — 1 clips, 0m 16s, est ~12s
2026-03-28 13:52:31,775  DEBUG     Menu item 3: SQUIRREL_GIRL — 14 clips, 6m 11s, est ~3m 52s
2026-03-28 13:52:31,779  DEBUG     Menu item 4: THOR — 36 clips, 18m 52s, est ~11m 09s
2026-03-28 13:53:26,851  INFO      Interrupted.
